  [4;36;1mSQL (0.1ms)[0m   [0;1mSET client_min_messages TO 'panic'[0m
  [4;35;1mSQL (0.1ms)[0m   [0mSET client_min_messages TO 'notice'[0m


Processing UsersController#logout (for 127.0.0.1 at 2009-10-01 22:42:57) [GET]
  Parameters: {"action"=>"logout", "controller"=>"users"}
Redirected to http://localhost:3000/
Completed in 3ms (DB: 0) | 302 Found [http://localhost/logout]
  [4;36;1mSQL (0.1ms)[0m   [0;1mSET client_min_messages TO 'panic'[0m
  [4;35;1mSQL (0.1ms)[0m   [0mSET client_min_messages TO 'notice'[0m


Processing PostsController#top_ranked (for 127.0.0.1 at 2009-10-01 22:42:57) [GET]
  Parameters: {"action"=>"top_ranked", "controller"=>"posts"}
  [4;36;1mPost Load (38.6ms)[0m   [0;1mSELECT * FROM "posts" ORDER BY rank desc LIMIT 15 OFFSET 0[0m
  [4;35;1mSQL (0.5ms)[0m   [0mSELECT count(*) AS count_all FROM "posts" LIMIT 250[0m
Rendering template within layouts/application
Rendering posts/top_ranked
Rendered posts/_headline_widget (3.0ms)
  [4;36;1mUser Load (0.6ms)[0m   [0;1mSELECT * FROM "users" WHERE ("users"."id" = 6) [0m
Rendered posts/_info_widget (42.3ms)
  [4;35;1mSQL (0.9ms)[0m   [0mSELECT count(*) AS count_all FROM "comments" WHERE ("comments".commentable_id = 56 AND "comments".commentable_type = E'Post') [0m
Rendered posts/_controls_widget (66.9ms)
Rendered posts/_item (149.2ms)
Rendered posts/_headline_widget (0.4ms)
  [4;36;1mUser Load (0.4ms)[0m   [0;1mSELECT * FROM "users" WHERE ("users"."id" = 5) [0m
Rendered posts/_info_widget (1.8ms)
Rendered posts/_controls_widget (0.5ms)
Rendered posts/_item (10.4ms)
Rendered posts/_headline_widget (0.3ms)
  [4;35;1mUser Load (0.4ms)[0m   [0mSELECT * FROM "users" WHERE ("users"."id" = 2) [0m
Rendered posts/_info_widget (1.6ms)
Rendered posts/_controls_widget (0.4ms)
Rendered posts/_item (9.2ms)
Rendered posts/_headline_widget (0.3ms)
  [4;36;1mUser Load (0.4ms)[0m   [0;1mSELECT * FROM "users" WHERE ("users"."id" = 3) [0m
Rendered posts/_info_widget (1.6ms)
Rendered posts/_controls_widget (0.4ms)
Rendered posts/_item (9.4ms)
Rendered posts/_headline_widget (0.4ms)
  [4;35;1mCACHE (0.0ms)[0m   [0mSELECT * FROM "users" WHERE ("users"."id" = 2) [0m
Rendered posts/_info_widget (1.2ms)
Rendered posts/_controls_widget (0.4ms)
Rendered posts/_item (8.8ms)
Rendered posts/_headline_widget (0.3ms)
  [4;36;1mUser Load (0.4ms)[0m   [0;1mSELECT * FROM "users" WHERE ("users"."id" = 4) [0m
Rendered posts/_info_widget (1.6ms)
Rendered posts/_controls_widget (0.4ms)
Rendered posts/_item (9.7ms)
Rendered posts/_headline_widget (0.4ms)
  [4;35;1mUser Load (0.4ms)[0m   [0mSELECT * FROM "users" WHERE ("users"."id" = 1) [0m
Rendered posts/_info_widget (1.6ms)
Rendered posts/_controls_widget (0.4ms)
Rendered posts/_item (9.8ms)
Rendered posts/_headline_widget (0.3ms)
  [4;36;1mCACHE (0.0ms)[0m   [0;1mSELECT * FROM "users" WHERE ("users"."id" = 4) [0m
Rendered posts/_info_widget (1.1ms)
Rendered posts/_controls_widget (0.4ms)
Rendered posts/_item (8.7ms)
Rendered posts/_headline_widget (0.3ms)
  [4;35;1mCACHE (0.0ms)[0m   [0mSELECT * FROM "users" WHERE ("users"."id" = 2) [0m
Rendered posts/_info_widget (1.1ms)
Rendered posts/_controls_widget (0.4ms)
Rendered posts/_item (8.7ms)
Rendered posts/_headline_widget (0.4ms)
  [4;36;1mCACHE (0.0ms)[0m   [0;1mSELECT * FROM "users" WHERE ("users"."id" = 1) [0m
Rendered posts/_info_widget (1.1ms)
Rendered posts/_controls_widget (0.4ms)
Rendered posts/_item (9.4ms)
Rendered posts/_headline_widget (0.4ms)
  [4;35;1mCACHE (0.0ms)[0m   [0mSELECT * FROM "users" WHERE ("users"."id" = 6) [0m
Rendered posts/_info_widget (1.1ms)
Rendered posts/_controls_widget (0.4ms)
Rendered posts/_item (9.5ms)
Rendered posts/_headline_widget (0.4ms)
  [4;36;1mCACHE (0.0ms)[0m   [0;1mSELECT * FROM "users" WHERE ("users"."id" = 5) [0m
Rendered posts/_info_widget (1.1ms)
Rendered posts/_controls_widget (0.4ms)
Rendered posts/_item (9.1ms)
Rendered posts/_headline_widget (0.4ms)
  [4;35;1mCACHE (0.0ms)[0m   [0mSELECT * FROM "users" WHERE ("users"."id" = 3) [0m
Rendered posts/_info_widget (1.1ms)
Rendered posts/_controls_widget (0.4ms)
Rendered posts/_item (10.4ms)
Rendered posts/_headline_widget (0.4ms)
  [4;36;1mCACHE (0.0ms)[0m   [0;1mSELECT * FROM "users" WHERE ("users"."id" = 3) [0m
Rendered posts/_info_widget (1.1ms)
Rendered posts/_controls_widget (0.4ms)
Rendered posts/_item (10.3ms)
Rendered posts/_headline_widget (0.4ms)
  [4;35;1mCACHE (0.0ms)[0m   [0mSELECT * FROM "users" WHERE ("users"."id" = 3) [0m
Rendered posts/_info_widget (1.1ms)
Rendered posts/_controls_widget (0.4ms)
Rendered posts/_item (10.2ms)
Rendered main/_analytics (0.7ms)
Rendered main/_header (3.0ms)
Rendered main/_body (0.4ms)
Rendered main/_footer (1.4ms)
Completed in 452ms (View: 392, DB: 43) | 200 OK [http://localhost/]
  [4;36;1mSQL (0.1ms)[0m   [0;1mSET client_min_messages TO 'panic'[0m
  [4;35;1mSQL (0.1ms)[0m   [0mSET client_min_messages TO 'notice'[0m


Processing UsersController#login (for 127.0.0.1 at 2009-10-01 22:42:59) [GET]
  Parameters: {"action"=>"login", "controller"=>"users"}
Rendering template within layouts/application
Rendering users/login
Rendered main/_analytics (0.1ms)
Rendered main/_header (1.6ms)
Rendered main/_body (0.1ms)
Rendered main/_footer (0.6ms)
Completed in 25ms (View: 18, DB: 0) | 200 OK [http://localhost/login]
  [4;36;1mSQL (0.1ms)[0m   [0;1mSET client_min_messages TO 'panic'[0m
  [4;35;1mSQL (0.1ms)[0m   [0mSET client_min_messages TO 'notice'[0m


Processing UsersController#login (for 127.0.0.1 at 2009-10-01 22:43:06) [POST]
  Parameters: {"commit"=>"Sign-In", "action"=>"login", "authenticity_token"=>"IOZyZXkhOwOz6tWTSIXtjE0SDaGxIvqE24tNtT2JLeg=", "controller"=>"users", "user"=>{"password"=>"[FILTERED]", "email"=>"justin@breve.com"}}
  [4;36;1mUser Load (2.9ms)[0m   [0;1mSELECT * FROM "users" WHERE (email = E'yTixTY5Bv5KeSLDcN24LfEP6hjwegcexPA330En0cC4=
') LIMIT 1[0m
Redirected to http://localhost:3000/
Completed in 20ms (DB: 3) | 302 Found [http://localhost/login]
  [4;35;1mSQL (0.1ms)[0m   [0mSET client_min_messages TO 'panic'[0m
  [4;36;1mSQL (0.1ms)[0m   [0;1mSET client_min_messages TO 'notice'[0m


Processing PostsController#top_ranked (for 127.0.0.1 at 2009-10-01 22:43:06) [GET]
  Parameters: {"action"=>"top_ranked", "controller"=>"posts"}
  [4;35;1mPost Load (2.6ms)[0m   [0mSELECT * FROM "posts" ORDER BY rank desc LIMIT 15 OFFSET 0[0m
  [4;36;1mSQL (0.4ms)[0m   [0;1mSELECT count(*) AS count_all FROM "posts" LIMIT 250[0m
Rendering template within layouts/application
Rendering posts/top_ranked
  [4;35;1mUser Load (0.6ms)[0m   [0mSELECT * FROM "users" WHERE ("users"."id" = 6) [0m
Rendered posts/_headline_widget (1.8ms)
Rendered posts/_info_widget (4.3ms)
  [4;36;1mSQL (0.9ms)[0m   [0;1mSELECT count(*) AS count_all FROM "comments" WHERE ("comments".commentable_id = 56 AND "comments".commentable_type = E'Post') [0m
Rendered posts/_controls_widget (10.9ms)
Rendered posts/_item (31.6ms)
  [4;35;1mUser Load (0.4ms)[0m   [0mSELECT * FROM "users" WHERE ("users"."id" = 5) [0m
Rendered posts/_headline_widget (0.4ms)
Rendered posts/_info_widget (0.7ms)
Rendered posts/_controls_widget (3.6ms)
Rendered posts/_item (11.0ms)
  [4;36;1mUser Load (0.4ms)[0m   [0;1mSELECT * FROM "users" WHERE ("users"."id" = 2) [0m
Rendered posts/_headline_widget (0.4ms)
Rendered posts/_info_widget (0.7ms)
Rendered posts/_controls_widget (0.4ms)
Rendered posts/_item (10.3ms)
  [4;35;1mUser Load (0.4ms)[0m   [0mSELECT * FROM "users" WHERE ("users"."id" = 3) [0m
Rendered posts/_headline_widget (0.4ms)
Rendered posts/_info_widget (0.7ms)
Rendered posts/_controls_widget (0.4ms)
Rendered posts/_item (77.5ms)
  [4;36;1mCACHE (0.0ms)[0m   [0;1mSELECT * FROM "users" WHERE ("users"."id" = 2) [0m
Rendered posts/_headline_widget (0.4ms)
Rendered posts/_info_widget (0.7ms)
Rendered posts/_controls_widget (0.4ms)
Rendered posts/_item (9.0ms)
  [4;35;1mUser Load (0.4ms)[0m   [0mSELECT * FROM "users" WHERE ("users"."id" = 4) [0m
Rendered posts/_headline_widget (0.3ms)
Rendered posts/_info_widget (0.6ms)
Rendered posts/_controls_widget (0.4ms)
Rendered posts/_item (10.0ms)
  [4;36;1mUser Load (0.4ms)[0m   [0;1mSELECT * FROM "users" WHERE ("users"."id" = 1) [0m
Rendered posts/_headline_widget (0.3ms)
Rendered posts/_info_widget (0.7ms)
Rendered posts/_controls_widget (0.4ms)
Rendered posts/_item (9.7ms)
  [4;35;1mCACHE (0.0ms)[0m   [0mSELECT * FROM "users" WHERE ("users"."id" = 4) [0m
Rendered posts/_headline_widget (0.3ms)
Rendered posts/_info_widget (0.6ms)
Rendered posts/_controls_widget (0.4ms)
Rendered posts/_item (8.8ms)
  [4;36;1mCACHE (0.0ms)[0m   [0;1mSELECT * FROM "users" WHERE ("users"."id" = 2) [0m
Rendered posts/_headline_widget (0.4ms)
Rendered posts/_info_widget (0.7ms)
Rendered posts/_controls_widget (0.4ms)
Rendered posts/_item (9.2ms)
  [4;35;1mCACHE (0.0ms)[0m   [0mSELECT * FROM "users" WHERE ("users"."id" = 1) [0m
Rendered posts/_headline_widget (0.3ms)
Rendered posts/_info_widget (0.7ms)
Rendered posts/_controls_widget (0.4ms)
Rendered posts/_item (9.2ms)
  [4;36;1mCACHE (0.0ms)[0m   [0;1mSELECT * FROM "users" WHERE ("users"."id" = 6) [0m
Rendered posts/_headline_widget (0.4ms)
Rendered posts/_info_widget (0.7ms)
Rendered posts/_controls_widget (0.4ms)
Rendered posts/_item (8.8ms)
  [4;35;1mCACHE (0.0ms)[0m   [0mSELECT * FROM "users" WHERE ("users"."id" = 5) [0m
Rendered posts/_headline_widget (0.3ms)
Rendered posts/_info_widget (0.7ms)
Rendered posts/_controls_widget (3.6ms)
Rendered posts/_item (10.2ms)
  [4;36;1mCACHE (0.0ms)[0m   [0;1mSELECT * FROM "users" WHERE ("users"."id" = 3) [0m
Rendered posts/_headline_widget (0.3ms)
Rendered posts/_info_widget (0.6ms)
Rendered posts/_controls_widget (0.4ms)
Rendered posts/_item (8.7ms)
  [4;35;1mCACHE (0.0ms)[0m   [0mSELECT * FROM "users" WHERE ("users"."id" = 3) [0m
Rendered posts/_headline_widget (0.3ms)
Rendered posts/_info_widget (0.6ms)
Rendered posts/_controls_widget (0.4ms)
Rendered posts/_item (8.9ms)
  [4;36;1mCACHE (0.0ms)[0m   [0;1mSELECT * FROM "users" WHERE ("users"."id" = 3) [0m
Rendered posts/_headline_widget (0.3ms)
Rendered posts/_info_widget (0.6ms)
Rendered posts/_controls_widget (0.4ms)
Rendered posts/_item (8.9ms)
Rendered main/_analytics (0.1ms)
Rendered main/_header (1.5ms)
Rendered main/_body (0.1ms)
Rendered main/_footer (0.6ms)
Completed in 256ms (View: 238, DB: 7) | 200 OK [http://localhost/]
  [4;35;1mSQL (0.1ms)[0m   [0mSET client_min_messages TO 'panic'[0m
  [4;36;1mSQL (0.1ms)[0m   [0;1mSET client_min_messages TO 'notice'[0m


Processing UsersController#logout (for 127.0.0.1 at 2009-10-01 22:43:09) [GET]
  Parameters: {"action"=>"logout", "controller"=>"users"}
Redirected to http://localhost:3000/
Completed in 2ms (DB: 0) | 302 Found [http://localhost/logout]
  [4;35;1mSQL (0.1ms)[0m   [0mSET client_min_messages TO 'panic'[0m
  [4;36;1mSQL (0.1ms)[0m   [0;1mSET client_min_messages TO 'notice'[0m


Processing PostsController#top_ranked (for 127.0.0.1 at 2009-10-01 22:43:09) [GET]
  Parameters: {"action"=>"top_ranked", "controller"=>"posts"}
  [4;35;1mPost Load (2.8ms)[0m   [0mSELECT * FROM "posts" ORDER BY rank desc LIMIT 15 OFFSET 0[0m
  [4;36;1mSQL (0.4ms)[0m   [0;1mSELECT count(*) AS count_all FROM "posts" LIMIT 250[0m
Rendering template within layouts/application
Rendering posts/top_ranked
Rendered posts/_headline_widget (1.9ms)
  [4;35;1mUser Load (0.5ms)[0m   [0mSELECT * FROM "users" WHERE ("users"."id" = 6) [0m
Rendered posts/_info_widget (7.4ms)
  [4;36;1mSQL (0.9ms)[0m   [0;1mSELECT count(*) AS count_all FROM "comments" WHERE ("comments".commentable_id = 56 AND "comments".commentable_type = E'Post') [0m
Rendered posts/_controls_widget (9.2ms)
Rendered posts/_item (29.5ms)
Rendered posts/_headline_widget (0.4ms)
  [4;35;1mUser Load (0.4ms)[0m   [0mSELECT * FROM "users" WHERE ("users"."id" = 5) [0m
Rendered posts/_info_widget (1.7ms)
Rendered posts/_controls_widget (0.4ms)
Rendered posts/_item (9.5ms)
Rendered posts/_headline_widget (0.3ms)
  [4;36;1mUser Load (0.4ms)[0m   [0;1mSELECT * FROM "users" WHERE ("users"."id" = 2) [0m
Rendered posts/_info_widget (1.9ms)
Rendered posts/_controls_widget (0.5ms)
Rendered posts/_item (9.8ms)
Rendered posts/_headline_widget (0.4ms)
  [4;35;1mUser Load (0.4ms)[0m   [0mSELECT * FROM "users" WHERE ("users"."id" = 3) [0m
Rendered posts/_info_widget (1.7ms)
Rendered posts/_controls_widget (0.4ms)
Rendered posts/_item (9.9ms)
Rendered posts/_headline_widget (0.4ms)
  [4;36;1mCACHE (0.0ms)[0m   [0;1mSELECT * FROM "users" WHERE ("users"."id" = 2) [0m
Rendered posts/_info_widget (1.2ms)
Rendered posts/_controls_widget (0.4ms)
Rendered posts/_item (9.3ms)
Rendered posts/_headline_widget (0.4ms)
  [4;35;1mUser Load (0.4ms)[0m   [0mSELECT * FROM "users" WHERE ("users"."id" = 4) [0m
Rendered posts/_info_widget (1.7ms)
Rendered posts/_controls_widget (0.4ms)
Rendered posts/_item (9.8ms)
Rendered posts/_headline_widget (0.4ms)
  [4;36;1mUser Load (0.5ms)[0m   [0;1mSELECT * FROM "users" WHERE ("users"."id" = 1) [0m
Rendered posts/_info_widget (1.8ms)
Rendered posts/_controls_widget (0.5ms)
Rendered posts/_item (10.2ms)
Rendered posts/_headline_widget (0.4ms)
  [4;35;1mCACHE (0.0ms)[0m   [0mSELECT * FROM "users" WHERE ("users"."id" = 4) [0m
Rendered posts/_info_widget (1.1ms)
Rendered posts/_controls_widget (0.4ms)
Rendered posts/_item (9.0ms)
Rendered posts/_headline_widget (0.4ms)
  [4;36;1mCACHE (0.0ms)[0m   [0;1mSELECT * FROM "users" WHERE ("users"."id" = 2) [0m
Rendered posts/_info_widget (1.2ms)
Rendered posts/_controls_widget (0.5ms)
Rendered posts/_item (10.0ms)
Rendered posts/_headline_widget (0.4ms)
  [4;35;1mCACHE (0.0ms)[0m   [0mSELECT * FROM "users" WHERE ("users"."id" = 1) [0m
Rendered posts/_info_widget (1.1ms)
Rendered posts/_controls_widget (0.4ms)
Rendered posts/_item (9.3ms)
Rendered posts/_headline_widget (0.4ms)
  [4;36;1mCACHE (0.0ms)[0m   [0;1mSELECT * FROM "users" WHERE ("users"."id" = 6) [0m
Rendered posts/_info_widget (1.3ms)
Rendered posts/_controls_widget (0.4ms)
Rendered posts/_item (9.4ms)
Rendered posts/_headline_widget (0.4ms)
  [4;35;1mCACHE (0.0ms)[0m   [0mSELECT * FROM "users" WHERE ("users"."id" = 5) [0m
Rendered posts/_info_widget (1.2ms)
Rendered posts/_controls_widget (0.4ms)
Rendered posts/_item (9.7ms)
Rendered posts/_headline_widget (0.4ms)
  [4;36;1mCACHE (0.0ms)[0m   [0;1mSELECT * FROM "users" WHERE ("users"."id" = 3) [0m
Rendered posts/_info_widget (1.1ms)
Rendered posts/_controls_widget (0.4ms)
Rendered posts/_item (74.2ms)
Rendered posts/_headline_widget (0.4ms)
  [4;35;1mCACHE (0.0ms)[0m   [0mSELECT * FROM "users" WHERE ("users"."id" = 3) [0m
Rendered posts/_info_widget (1.5ms)
Rendered posts/_controls_widget (0.5ms)
Rendered posts/_item (9.8ms)
Rendered posts/_headline_widget (0.4ms)
  [4;36;1mCACHE (0.0ms)[0m   [0;1mSELECT * FROM "users" WHERE ("users"."id" = 3) [0m
Rendered posts/_info_widget (1.3ms)
Rendered posts/_controls_widget (0.4ms)
Rendered posts/_item (9.1ms)
Rendered main/_analytics (0.1ms)
Rendered main/_header (1.6ms)
Rendered main/_body (0.1ms)
Rendered main/_footer (1.5ms)
Completed in 256ms (View: 236, DB: 7) | 200 OK [http://localhost/]
  [4;35;1mSQL (0.1ms)[0m   [0mSET client_min_messages TO 'panic'[0m
  [4;36;1mSQL (0.1ms)[0m   [0;1mSET client_min_messages TO 'notice'[0m


Processing UsersController#login (for 127.0.0.1 at 2009-10-01 22:43:16) [GET]
  Parameters: {"action"=>"login", "controller"=>"users"}
Rendering template within layouts/application
Rendering users/login
Rendered main/_analytics (0.1ms)
Rendered main/_header (1.7ms)
Rendered main/_body (0.1ms)
Rendered main/_footer (0.6ms)
Completed in 20ms (View: 13, DB: 0) | 200 OK [http://localhost/login]
  [4;35;1mSQL (0.1ms)[0m   [0mSET client_min_messages TO 'panic'[0m
  [4;36;1mSQL (0.1ms)[0m   [0;1mSET client_min_messages TO 'notice'[0m


Processing UsersController#login (for 127.0.0.1 at 2009-10-01 22:43:21) [POST]
  Parameters: {"commit"=>"Sign-In", "action"=>"login", "authenticity_token"=>"IOZyZXkhOwOz6tWTSIXtjE0SDaGxIvqE24tNtT2JLeg=", "controller"=>"users", "user"=>{"password"=>"[FILTERED]", "email"=>"justin@breve.com"}}
  [4;35;1mUser Load (2.8ms)[0m   [0mSELECT * FROM "users" WHERE (email = E'yTixTY5Bv5KeSLDcN24LfEP6hjwegcexPA330En0cC4=
') LIMIT 1[0m
Rendering template within layouts/application
Rendering users/login
Rendered main/_analytics (0.1ms)
Rendered main/_header (1.5ms)
Rendered main/_body (0.1ms)
Rendered main/_footer (1.1ms)
Completed in 28ms (View: 11, DB: 3) | 200 OK [http://localhost/login]
  [4;36;1mSQL (0.1ms)[0m   [0;1mSET client_min_messages TO 'panic'[0m
  [4;35;1mSQL (0.1ms)[0m   [0mSET client_min_messages TO 'notice'[0m


Processing UsersController#login (for 127.0.0.1 at 2009-10-01 22:44:12) [GET]
  Parameters: {"action"=>"login", "controller"=>"users"}
Rendering template within layouts/application
Rendering users/login
Rendered main/_analytics (0.1ms)
Rendered main/_header (1.5ms)
Rendered main/_body (0.1ms)
Rendered main/_footer (0.6ms)
Completed in 19ms (View: 12, DB: 0) | 200 OK [http://localhost/login]
  [4;36;1mSQL (0.1ms)[0m   [0;1mSET client_min_messages TO 'panic'[0m
  [4;35;1mSQL (0.1ms)[0m   [0mSET client_min_messages TO 'notice'[0m


Processing UsersController#login (for 127.0.0.1 at 2009-10-01 22:44:21) [POST]
  Parameters: {"commit"=>"Sign-In", "action"=>"login", "authenticity_token"=>"IOZyZXkhOwOz6tWTSIXtjE0SDaGxIvqE24tNtT2JLeg=", "controller"=>"users", "user"=>{"password"=>"[FILTERED]", "email"=>"juris@breve.com"}}
  [4;36;1mUser Load (2.8ms)[0m   [0;1mSELECT * FROM "users" WHERE (email = E'bmCDSJ/7HIbo+AzGDkLH2g==
') LIMIT 1[0m
Redirected to http://localhost:3000/
Completed in 16ms (DB: 3) | 302 Found [http://localhost/login]
  [4;35;1mSQL (0.1ms)[0m   [0mSET client_min_messages TO 'panic'[0m
  [4;36;1mSQL (0.1ms)[0m   [0;1mSET client_min_messages TO 'notice'[0m


Processing PostsController#top_ranked (for 127.0.0.1 at 2009-10-01 22:44:21) [GET]
  Parameters: {"action"=>"top_ranked", "controller"=>"posts"}
  [4;35;1mPost Load (2.4ms)[0m   [0mSELECT * FROM "posts" ORDER BY rank desc LIMIT 15 OFFSET 0[0m
  [4;36;1mSQL (0.3ms)[0m   [0;1mSELECT count(*) AS count_all FROM "posts" LIMIT 250[0m
Rendering template within layouts/application
Rendering posts/top_ranked
  [4;35;1mUser Load (0.5ms)[0m   [0mSELECT * FROM "users" WHERE ("users"."id" = 6) [0m
Rendered posts/_headline_widget (1.7ms)
Rendered posts/_info_widget (4.1ms)
  [4;36;1mSQL (0.8ms)[0m   [0;1mSELECT count(*) AS count_all FROM "comments" WHERE ("comments".commentable_id = 56 AND "comments".commentable_type = E'Post') [0m
Rendered posts/_controls_widget (9.1ms)
Rendered posts/_item (28.7ms)
  [4;35;1mUser Load (0.4ms)[0m   [0mSELECT * FROM "users" WHERE ("users"."id" = 5) [0m
Rendered posts/_headline_widget (0.4ms)
Rendered posts/_info_widget (0.7ms)
Rendered posts/_controls_widget (0.6ms)
Rendered posts/_item (9.6ms)
  [4;36;1mUser Load (0.4ms)[0m   [0;1mSELECT * FROM "users" WHERE ("users"."id" = 2) [0m
Rendered posts/_headline_widget (0.3ms)
Rendered posts/_info_widget (0.7ms)
Rendered posts/_controls_widget (0.4ms)
Rendered posts/_item (9.8ms)
  [4;35;1mUser Load (0.4ms)[0m   [0mSELECT * FROM "users" WHERE ("users"."id" = 3) [0m
Rendered posts/_headline_widget (0.4ms)
Rendered posts/_info_widget (0.8ms)
Rendered posts/_controls_widget (0.4ms)
Rendered posts/_item (9.4ms)
  [4;36;1mCACHE (0.0ms)[0m   [0;1mSELECT * FROM "users" WHERE ("users"."id" = 2) [0m
Rendered posts/_headline_widget (0.3ms)
Rendered posts/_info_widget (0.7ms)
Rendered posts/_controls_widget (0.4ms)
Rendered posts/_item (9.4ms)
  [4;35;1mUser Load (0.4ms)[0m   [0mSELECT * FROM "users" WHERE ("users"."id" = 4) [0m
Rendered posts/_headline_widget (0.3ms)
Rendered posts/_info_widget (0.7ms)
Rendered posts/_controls_widget (0.4ms)
Rendered posts/_item (9.9ms)
  [4;36;1mUser Load (0.4ms)[0m   [0;1mSELECT * FROM "users" WHERE ("users"."id" = 1) [0m
Rendered posts/_headline_widget (0.4ms)
Rendered posts/_info_widget (0.7ms)
Rendered posts/_controls_widget (3.7ms)
Rendered posts/_item (10.7ms)
  [4;35;1mCACHE (0.0ms)[0m   [0mSELECT * FROM "users" WHERE ("users"."id" = 4) [0m
Rendered posts/_headline_widget (0.4ms)
Rendered posts/_info_widget (0.7ms)
Rendered posts/_controls_widget (0.4ms)
Rendered posts/_item (9.1ms)
  [4;36;1mCACHE (0.0ms)[0m   [0;1mSELECT * FROM "users" WHERE ("users"."id" = 2) [0m
Rendered posts/_headline_widget (0.3ms)
Rendered posts/_info_widget (0.6ms)
Rendered posts/_controls_widget (0.4ms)
Rendered posts/_item (8.7ms)
  [4;35;1mCACHE (0.0ms)[0m   [0mSELECT * FROM "users" WHERE ("users"."id" = 1) [0m
Rendered posts/_headline_widget (0.4ms)
Rendered posts/_info_widget (0.7ms)
Rendered posts/_controls_widget (3.6ms)
Rendered posts/_item (10.0ms)
  [4;36;1mCACHE (0.0ms)[0m   [0;1mSELECT * FROM "users" WHERE ("users"."id" = 6) [0m
Rendered posts/_headline_widget (0.3ms)
Rendered posts/_info_widget (0.7ms)
Rendered posts/_controls_widget (0.4ms)
Rendered posts/_item (8.7ms)
  [4;35;1mCACHE (0.0ms)[0m   [0mSELECT * FROM "users" WHERE ("users"."id" = 5) [0m
Rendered posts/_headline_widget (64.5ms)
Rendered posts/_info_widget (0.7ms)
Rendered posts/_controls_widget (0.4ms)
Rendered posts/_item (73.2ms)
  [4;36;1mCACHE (0.0ms)[0m   [0;1mSELECT * FROM "users" WHERE ("users"."id" = 3) [0m
Rendered posts/_headline_widget (0.4ms)
Rendered posts/_info_widget (0.7ms)
Rendered posts/_controls_widget (0.5ms)
Rendered posts/_item (9.2ms)
  [4;35;1mCACHE (0.0ms)[0m   [0mSELECT * FROM "users" WHERE ("users"."id" = 3) [0m
Rendered posts/_headline_widget (0.3ms)
Rendered posts/_info_widget (0.6ms)
Rendered posts/_controls_widget (0.4ms)
Rendered posts/_item (8.8ms)
  [4;36;1mCACHE (0.0ms)[0m   [0;1mSELECT * FROM "users" WHERE ("users"."id" = 3) [0m
Rendered posts/_headline_widget (0.4ms)
Rendered posts/_info_widget (0.7ms)
Rendered posts/_controls_widget (0.4ms)
Rendered posts/_item (9.4ms)
Rendered main/_analytics (0.1ms)
Rendered main/_header (1.6ms)
Rendered main/_body (0.1ms)
Rendered main/_footer (0.6ms)
Completed in 249ms (View: 232, DB: 6) | 200 OK [http://localhost/]
  [4;35;1mSQL (0.1ms)[0m   [0mSET client_min_messages TO 'panic'[0m
  [4;36;1mSQL (0.1ms)[0m   [0;1mSET client_min_messages TO 'notice'[0m


Processing UsersController#edit (for 127.0.0.1 at 2009-10-01 22:44:24) [GET]
  Parameters: {"action"=>"edit", "controller"=>"users"}
  [4;35;1mUser Load (0.6ms)[0m   [0mSELECT * FROM "users" WHERE ("users"."id" = 1) [0m
Rendering template within layouts/application
Rendering users/edit
  [4;36;1mSQL (0.7ms)[0m   [0;1mSELECT sum("posts".points) AS sum_points FROM "posts" WHERE ("posts".user_id = 1) [0m
  [4;35;1mSQL (0.3ms)[0m   [0mSELECT count(*) AS count_all FROM "posts" WHERE ("posts".user_id = 1) [0m
  [4;36;1mSQL (0.4ms)[0m   [0;1mSELECT sum("comments".points) AS sum_points FROM "comments" WHERE ("comments".user_id = 1) [0m
  [4;35;1mSQL (0.2ms)[0m   [0mSELECT count(*) AS count_all FROM "comments" WHERE ("comments".user_id = 1) [0m
  [4;36;1mCACHE (0.0ms)[0m   [0;1mSELECT count(*) AS count_all FROM "posts" WHERE ("posts".user_id = 1) [0m
  [4;35;1mCACHE (0.0ms)[0m   [0mSELECT count(*) AS count_all FROM "comments" WHERE ("comments".user_id = 1) [0m
  [4;36;1mSQL (1.5ms)[0m   [0;1mSELECT count(DISTINCT "posts".id) AS count_all FROM "posts" LEFT OUTER JOIN "votes" ON "votes".voteable_id = "posts".id AND "votes".voteable_type = E'Post'WHERE (votes.user_id = 1) [0m
  [4;35;1mCACHE (0.0ms)[0m   [0mSELECT count(DISTINCT "posts".id) AS count_all FROM "posts" LEFT OUTER JOIN "votes" ON "votes".voteable_id = "posts".id AND "votes".voteable_type = E'Post'WHERE (votes.user_id = 1) [0m
  [4;36;1mSQL (0.4ms)[0m   [0;1mSELECT count(DISTINCT "comments".id) AS count_all FROM "comments" LEFT OUTER JOIN "votes" ON "votes".voteable_id = "comments".id AND "votes".voteable_type = E'Comment'WHERE (votes.user_id = 1) [0m
  [4;35;1mCACHE (0.0ms)[0m   [0mSELECT count(DISTINCT "comments".id) AS count_all FROM "comments" LEFT OUTER JOIN "votes" ON "votes".voteable_id = "comments".id AND "votes".voteable_type = E'Comment'WHERE (votes.user_id = 1) [0m
Rendered users/_stats (32.0ms)
Rendered users/_sidebar (35.4ms)
Rendered main/_analytics (0.1ms)
Rendered main/_header (1.6ms)
Rendered main/_body (0.1ms)
Rendered main/_footer (0.6ms)
Completed in 143ms (View: 130, DB: 4) | 200 OK [http://localhost/settings]
  [4;36;1mSQL (0.1ms)[0m   [0;1mSET client_min_messages TO 'panic'[0m
  [4;35;1mSQL (0.1ms)[0m   [0mSET client_min_messages TO 'notice'[0m


Processing UsersController#logout (for 127.0.0.1 at 2009-10-01 22:51:07) [GET]
  Parameters: {"action"=>"logout", "controller"=>"users"}
Redirected to http://localhost:3000/
Completed in 2ms (DB: 0) | 302 Found [http://localhost/logout]
  [4;36;1mSQL (0.1ms)[0m   [0;1mSET client_min_messages TO 'panic'[0m
  [4;35;1mSQL (0.1ms)[0m   [0mSET client_min_messages TO 'notice'[0m


Processing PostsController#top_ranked (for 127.0.0.1 at 2009-10-01 22:51:07) [GET]
  Parameters: {"action"=>"top_ranked", "controller"=>"posts"}
  [4;36;1mPost Load (2.6ms)[0m   [0;1mSELECT * FROM "posts" ORDER BY rank desc LIMIT 15 OFFSET 0[0m
  [4;35;1mSQL (0.4ms)[0m   [0mSELECT count(*) AS count_all FROM "posts" LIMIT 250[0m
Rendering template within layouts/application
Rendering posts/top_ranked
Rendered posts/_headline_widget (1.7ms)
  [4;36;1mUser Load (0.5ms)[0m   [0;1mSELECT * FROM "users" WHERE ("users"."id" = 6) [0m
Rendered posts/_info_widget (7.5ms)
  [4;35;1mSQL (0.9ms)[0m   [0mSELECT count(*) AS count_all FROM "comments" WHERE ("comments".commentable_id = 56 AND "comments".commentable_type = E'Post') [0m
Rendered posts/_controls_widget (9.5ms)
Rendered posts/_item (29.8ms)
Rendered posts/_headline_widget (0.4ms)
  [4;36;1mUser Load (0.4ms)[0m   [0;1mSELECT * FROM "users" WHERE ("users"."id" = 5) [0m
Rendered posts/_info_widget (1.7ms)
Rendered posts/_controls_widget (0.4ms)
Rendered posts/_item (10.3ms)
Rendered posts/_headline_widget (0.3ms)
  [4;35;1mUser Load (0.4ms)[0m   [0mSELECT * FROM "users" WHERE ("users"."id" = 2) [0m
Rendered posts/_info_widget (2.1ms)
Rendered posts/_controls_widget (0.4ms)
Rendered posts/_item (9.9ms)
Rendered posts/_headline_widget (0.3ms)
  [4;36;1mUser Load (0.4ms)[0m   [0;1mSELECT * FROM "users" WHERE ("users"."id" = 3) [0m
Rendered posts/_info_widget (1.6ms)
Rendered posts/_controls_widget (0.5ms)
Rendered posts/_item (9.3ms)
Rendered posts/_headline_widget (0.4ms)
  [4;35;1mCACHE (0.0ms)[0m   [0mSELECT * FROM "users" WHERE ("users"."id" = 2) [0m
Rendered posts/_info_widget (1.1ms)
Rendered posts/_controls_widget (0.4ms)
Rendered posts/_item (9.7ms)
Rendered posts/_headline_widget (0.3ms)
  [4;36;1mUser Load (0.4ms)[0m   [0;1mSELECT * FROM "users" WHERE ("users"."id" = 4) [0m
Rendered posts/_info_widget (2.1ms)
Rendered posts/_controls_widget (0.4ms)
Rendered posts/_item (9.9ms)
Rendered posts/_headline_widget (0.3ms)
  [4;35;1mUser Load (0.4ms)[0m   [0mSELECT * FROM "users" WHERE ("users"."id" = 1) [0m
Rendered posts/_info_widget (1.7ms)
Rendered posts/_controls_widget (0.4ms)
Rendered posts/_item (9.5ms)
Rendered posts/_headline_widget (0.4ms)
  [4;36;1mCACHE (0.0ms)[0m   [0;1mSELECT * FROM "users" WHERE ("users"."id" = 4) [0m
Rendered posts/_info_widget (1.4ms)
Rendered posts/_controls_widget (0.4ms)
Rendered posts/_item (81.2ms)
Rendered posts/_headline_widget (0.4ms)
  [4;35;1mCACHE (0.0ms)[0m   [0mSELECT * FROM "users" WHERE ("users"."id" = 2) [0m
Rendered posts/_info_widget (1.2ms)
Rendered posts/_controls_widget (0.4ms)
Rendered posts/_item (9.2ms)
Rendered posts/_headline_widget (0.4ms)
  [4;36;1mCACHE (0.0ms)[0m   [0;1mSELECT * FROM "users" WHERE ("users"."id" = 1) [0m
Rendered posts/_info_widget (1.1ms)
Rendered posts/_controls_widget (0.4ms)
Rendered posts/_item (8.9ms)
Rendered posts/_headline_widget (0.3ms)
  [4;35;1mCACHE (0.0ms)[0m   [0mSELECT * FROM "users" WHERE ("users"."id" = 6) [0m
Rendered posts/_info_widget (1.1ms)
Rendered posts/_controls_widget (0.4ms)
Rendered posts/_item (9.4ms)
Rendered posts/_headline_widget (0.3ms)
  [4;36;1mCACHE (0.0ms)[0m   [0;1mSELECT * FROM "users" WHERE ("users"."id" = 5) [0m
Rendered posts/_info_widget (1.1ms)
Rendered posts/_controls_widget (0.4ms)
Rendered posts/_item (8.8ms)
Rendered posts/_headline_widget (0.3ms)
  [4;35;1mCACHE (0.0ms)[0m   [0mSELECT * FROM "users" WHERE ("users"."id" = 3) [0m
Rendered posts/_info_widget (1.1ms)
Rendered posts/_controls_widget (0.4ms)
Rendered posts/_item (9.4ms)
Rendered posts/_headline_widget (0.4ms)
  [4;36;1mCACHE (0.0ms)[0m   [0;1mSELECT * FROM "users" WHERE ("users"."id" = 3) [0m
Rendered posts/_info_widget (1.1ms)
Rendered posts/_controls_widget (0.4ms)
Rendered posts/_item (9.7ms)
Rendered posts/_headline_widget (0.4ms)
  [4;35;1mCACHE (0.0ms)[0m   [0mSELECT * FROM "users" WHERE ("users"."id" = 3) [0m
Rendered posts/_info_widget (1.1ms)
Rendered posts/_controls_widget (0.4ms)
Rendered posts/_item (9.3ms)
Rendered main/_analytics (0.1ms)
Rendered main/_header (1.5ms)
Rendered main/_body (0.1ms)
Rendered main/_footer (0.6ms)
Completed in 259ms (View: 241, DB: 7) | 200 OK [http://localhost/]
  [4;36;1mSQL (0.1ms)[0m   [0;1mSET client_min_messages TO 'panic'[0m
  [4;35;1mSQL (0.1ms)[0m   [0mSET client_min_messages TO 'notice'[0m


Processing UsersController#login (for 127.0.0.1 at 2009-10-01 22:51:09) [GET]
  Parameters: {"action"=>"login", "controller"=>"users"}
Rendering template within layouts/application
Rendering users/login
Rendered main/_analytics (0.1ms)
Rendered main/_header (1.5ms)
Rendered main/_body (0.1ms)
Rendered main/_footer (0.6ms)
Completed in 20ms (View: 12, DB: 0) | 200 OK [http://localhost/login]
  [4;36;1mSQL (0.1ms)[0m   [0;1mSET client_min_messages TO 'panic'[0m
  [4;35;1mSQL (0.1ms)[0m   [0mSET client_min_messages TO 'notice'[0m


Processing UsersController#login (for 127.0.0.1 at 2009-10-01 22:51:15) [POST]
  Parameters: {"commit"=>"Sign-In", "action"=>"login", "authenticity_token"=>"IOZyZXkhOwOz6tWTSIXtjE0SDaGxIvqE24tNtT2JLeg=", "controller"=>"users", "user"=>{"password"=>"[FILTERED]", "email"=>"juris@breve.com"}}
  [4;36;1mUser Load (2.8ms)[0m   [0;1mSELECT * FROM "users" WHERE (email = E'bmCDSJ/7HIbo+AzGDkLH2g==
') LIMIT 1[0m
Rendering template within layouts/application
Rendering users/login
Rendered main/_analytics (0.1ms)
Rendered main/_header (1.5ms)
Rendered main/_body (0.1ms)
Rendered main/_footer (0.6ms)
Completed in 27ms (View: 11, DB: 3) | 200 OK [http://localhost/login]
  [4;35;1mSQL (0.1ms)[0m   [0mSET client_min_messages TO 'panic'[0m
  [4;36;1mSQL (0.1ms)[0m   [0;1mSET client_min_messages TO 'notice'[0m


Processing UsersController#login (for 127.0.0.1 at 2009-10-01 22:51:25) [POST]
  Parameters: {"commit"=>"Sign-In", "action"=>"login", "authenticity_token"=>"IOZyZXkhOwOz6tWTSIXtjE0SDaGxIvqE24tNtT2JLeg=", "controller"=>"users", "user"=>{"password"=>"[FILTERED]", "email"=>"juris@breve.com"}}
  [4;35;1mUser Load (3.0ms)[0m   [0mSELECT * FROM "users" WHERE (email = E'bmCDSJ/7HIbo+AzGDkLH2g==
') LIMIT 1[0m
Redirected to http://localhost:3000/
Completed in 90ms (DB: 3) | 302 Found [http://localhost/login]
  [4;36;1mSQL (0.1ms)[0m   [0;1mSET client_min_messages TO 'panic'[0m
  [4;35;1mSQL (0.1ms)[0m   [0mSET client_min_messages TO 'notice'[0m


Processing PostsController#top_ranked (for 127.0.0.1 at 2009-10-01 22:51:26) [GET]
  Parameters: {"action"=>"top_ranked", "controller"=>"posts"}
  [4;36;1mPost Load (2.5ms)[0m   [0;1mSELECT * FROM "posts" ORDER BY rank desc LIMIT 15 OFFSET 0[0m
  [4;35;1mSQL (0.5ms)[0m   [0mSELECT count(*) AS count_all FROM "posts" LIMIT 250[0m
Rendering template within layouts/application
Rendering posts/top_ranked
  [4;36;1mUser Load (0.6ms)[0m   [0;1mSELECT * FROM "users" WHERE ("users"."id" = 6) [0m
Rendered posts/_headline_widget (1.8ms)
Rendered posts/_info_widget (4.2ms)
  [4;35;1mSQL (0.9ms)[0m   [0mSELECT count(*) AS count_all FROM "comments" WHERE ("comments".commentable_id = 56 AND "comments".commentable_type = E'Post') [0m
Rendered posts/_controls_widget (10.5ms)
Rendered posts/_item (30.8ms)
  [4;36;1mUser Load (0.4ms)[0m   [0;1mSELECT * FROM "users" WHERE ("users"."id" = 5) [0m
Rendered posts/_headline_widget (0.4ms)
Rendered posts/_info_widget (0.7ms)
Rendered posts/_controls_widget (1.6ms)
Rendered posts/_item (15.8ms)
  [4;35;1mUser Load (0.4ms)[0m   [0mSELECT * FROM "users" WHERE ("users"."id" = 2) [0m
Rendered posts/_headline_widget (0.4ms)
Rendered posts/_info_widget (0.7ms)
Rendered posts/_controls_widget (0.5ms)
Rendered posts/_item (11.6ms)
  [4;36;1mUser Load (0.4ms)[0m   [0;1mSELECT * FROM "users" WHERE ("users"."id" = 3) [0m
Rendered posts/_headline_widget (0.4ms)
Rendered posts/_info_widget (0.7ms)
Rendered posts/_controls_widget (0.4ms)
Rendered posts/_item (9.9ms)
  [4;35;1mCACHE (0.0ms)[0m   [0mSELECT * FROM "users" WHERE ("users"."id" = 2) [0m
Rendered posts/_headline_widget (0.3ms)
Rendered posts/_info_widget (0.6ms)
Rendered posts/_controls_widget (0.4ms)
Rendered posts/_item (8.7ms)
  [4;36;1mUser Load (0.4ms)[0m   [0;1mSELECT * FROM "users" WHERE ("users"."id" = 4) [0m
Rendered posts/_headline_widget (0.3ms)
Rendered posts/_info_widget (0.6ms)
Rendered posts/_controls_widget (0.4ms)
Rendered posts/_item (9.4ms)
  [4;35;1mUser Load (0.4ms)[0m   [0mSELECT * FROM "users" WHERE ("users"."id" = 1) [0m
Rendered posts/_headline_widget (0.4ms)
Rendered posts/_info_widget (0.7ms)
Rendered posts/_controls_widget (3.6ms)
Rendered posts/_item (10.4ms)
  [4;36;1mCACHE (0.0ms)[0m   [0;1mSELECT * FROM "users" WHERE ("users"."id" = 4) [0m
Rendered posts/_headline_widget (0.3ms)
Rendered posts/_info_widget (0.6ms)
Rendered posts/_controls_widget (0.4ms)
Rendered posts/_item (8.8ms)
  [4;35;1mCACHE (0.0ms)[0m   [0mSELECT * FROM "users" WHERE ("users"."id" = 2) [0m
Rendered posts/_headline_widget (0.3ms)
Rendered posts/_info_widget (0.6ms)
Rendered posts/_controls_widget (0.4ms)
Rendered posts/_item (8.4ms)
  [4;36;1mCACHE (0.0ms)[0m   [0;1mSELECT * FROM "users" WHERE ("users"."id" = 1) [0m
Rendered posts/_headline_widget (0.3ms)
Rendered posts/_info_widget (0.8ms)
Rendered posts/_controls_widget (3.7ms)
Rendered posts/_item (10.5ms)
  [4;35;1mCACHE (0.0ms)[0m   [0mSELECT * FROM "users" WHERE ("users"."id" = 6) [0m
Rendered posts/_headline_widget (0.3ms)
Rendered posts/_info_widget (0.6ms)
Rendered posts/_controls_widget (0.4ms)
Rendered posts/_item (9.0ms)
  [4;36;1mCACHE (0.0ms)[0m   [0;1mSELECT * FROM "users" WHERE ("users"."id" = 5) [0m
Rendered posts/_headline_widget (0.4ms)
Rendered posts/_info_widget (0.7ms)
Rendered posts/_controls_widget (0.4ms)
Rendered posts/_item (72.8ms)
  [4;35;1mCACHE (0.0ms)[0m   [0mSELECT * FROM "users" WHERE ("users"."id" = 3) [0m
Rendered posts/_headline_widget (0.3ms)
Rendered posts/_info_widget (0.7ms)
Rendered posts/_controls_widget (0.4ms)
Rendered posts/_item (9.1ms)
  [4;36;1mCACHE (0.0ms)[0m   [0;1mSELECT * FROM "users" WHERE ("users"."id" = 3) [0m
Rendered posts/_headline_widget (0.3ms)
Rendered posts/_info_widget (0.6ms)
Rendered posts/_controls_widget (0.4ms)
Rendered posts/_item (9.2ms)
  [4;35;1mCACHE (0.0ms)[0m   [0mSELECT * FROM "users" WHERE ("users"."id" = 3) [0m
Rendered posts/_headline_widget (0.3ms)
Rendered posts/_info_widget (0.8ms)
Rendered posts/_controls_widget (0.4ms)
Rendered posts/_item (8.9ms)
Rendered main/_analytics (0.1ms)
Rendered main/_header (1.6ms)
Rendered main/_body (0.1ms)
Rendered main/_footer (0.6ms)
Completed in 258ms (View: 240, DB: 7) | 200 OK [http://localhost/]
